<?xml version="1.0" encoding="UTF-8"?>
<!-- Generated by org.testng.reporters.JUnitReportReporter -->
<testsuite hostname="MX-IT00121" name="com.automation.training.tests.StarBucksTests" tests="8" failures="0" timestamp="4 Apr 2018 17:16:54 GMT" time="0.694" errors="0">
  <testcase name="testStarBucksHomeDataProvider" time="0.084" classname="com.automation.training.tests.StarBucksTests"/>
  <testcase name="testStarBucksHomeDataProvider" time="0.079" classname="com.automation.training.tests.StarBucksTests"/>
  <testcase name="testStarBucksHomeDataProvider" time="0.079" classname="com.automation.training.tests.StarBucksTests"/>
  <testcase name="testStarBucksHomeDataProvider" time="0.134" classname="com.automation.training.tests.StarBucksTests"/>
  <testcase name="testStarBucksHomeDataProvider" time="0.080" classname="com.automation.training.tests.StarBucksTests"/>
  <testcase name="testStarBucksHomeDataProvider" time="0.075" classname="com.automation.training.tests.StarBucksTests"/>
  <testcase name="testStarBucksHomeDataProvider" time="0.079" classname="com.automation.training.tests.StarBucksTests"/>
  <testcase name="testStarBucksHomeDataProvider" time="0.084" classname="com.automation.training.tests.StarBucksTests"/>
</testsuite> <!-- com.automation.training.tests.StarBucksTests -->
