<?xml version="1.0" encoding="UTF-8"?>
<!-- Generated by org.testng.reporters.JUnitReportReporter -->
<testsuite hostname="MX-IT00121" name="com.automation.training.tests.StarBucksTests" tests="9" failures="0" timestamp="12 Apr 2018 06:04:10 GMT" time="27.647" errors="0">
  <testcase name="testStarBucksHomeDataProvider" time="1.304" classname="com.automation.training.tests.StarBucksTests"/>
  <testcase name="testStarBucksHomeDataProvider" time="1.140" classname="com.automation.training.tests.StarBucksTests"/>
  <testcase name="testStarBucksHomeDataProvider" time="0.880" classname="com.automation.training.tests.StarBucksTests"/>
  <testcase name="testStarBucksHomeDataProvider" time="1.178" classname="com.automation.training.tests.StarBucksTests"/>
  <testcase name="testStarBucksHomeDataProvider" time="1.205" classname="com.automation.training.tests.StarBucksTests"/>
  <testcase name="test2" time="18.530" classname="com.automation.training.tests.StarBucksTests"/>
  <testcase name="testStarBucksHomeDataProvider" time="1.108" classname="com.automation.training.tests.StarBucksTests"/>
  <testcase name="testStarBucksHomeDataProvider" time="1.169" classname="com.automation.training.tests.StarBucksTests"/>
  <testcase name="testStarBucksHomeDataProvider" time="1.133" classname="com.automation.training.tests.StarBucksTests"/>
</testsuite> <!-- com.automation.training.tests.StarBucksTests -->
