<?xml version="1.0" encoding="UTF-8"?>
<!-- Generated by org.testng.reporters.JUnitReportReporter -->
<testsuite hostname="MX-IT00121" name="com.automation.training.AnnotationTestsGoodCode" tests="1" failures="0" timestamp="2 Apr 2018 09:07:34 GMT" time="0.014" errors="0">
  <testcase name="testConcactBueno" time="0.014" classname="com.automation.training.AnnotationTestsGoodCode"/>
</testsuite> <!-- com.automation.training.AnnotationTestsGoodCode -->
