<?xml version="1.0" encoding="UTF-8"?>
<!-- Generated by org.testng.reporters.JUnitReportReporter -->
<testsuite hostname="MX-IT00121" name="com.automation.training.tests.StarBucksTests" tests="3" failures="0" timestamp="18 Apr 2018 22:21:38 GMT" time="38.261" errors="0">
  <testcase name="test2" time="12.423" classname="com.automation.training.tests.StarBucksTests"/>
  <testcase name="test2" time="12.926" classname="com.automation.training.tests.StarBucksTests"/>
  <testcase name="test2" time="12.912" classname="com.automation.training.tests.StarBucksTests"/>
</testsuite> <!-- com.automation.training.tests.StarBucksTests -->
