<?xml version="1.0" encoding="UTF-8"?>
<!-- Generated by org.testng.reporters.JUnitReportReporter -->
<testsuite hostname="MX-IT00121" name="com.automation.training.AnnotationTests" tests="2" failures="0" timestamp="2 Apr 2018 07:38:56 GMT" time="0.013" errors="0">
  <testcase name="test2" time="0.003" classname="com.automation.training.AnnotationTests"/>
  <testcase name="test1" time="0.010" classname="com.automation.training.AnnotationTests"/>
</testsuite> <!-- com.automation.training.AnnotationTests -->
