<?xml version="1.0" encoding="UTF-8"?>
<!-- Generated by org.testng.reporters.JUnitReportReporter -->
<testsuite hostname="MX-IT00121" name="com.automation.training.tests.StarBucksTests" tests="8" failures="0" timestamp="3 Apr 2018 14:40:04 GMT" time="0.864" errors="0">
  <testcase name="testStarBucksHomeDataProvider" time="0.098" classname="com.automation.training.tests.StarBucksTests"/>
  <testcase name="testStarBucksHomeDataProvider" time="0.088" classname="com.automation.training.tests.StarBucksTests"/>
  <testcase name="testStarBucksHomeDataProvider" time="0.099" classname="com.automation.training.tests.StarBucksTests"/>
  <testcase name="testStarBucksHomeDataProvider" time="0.161" classname="com.automation.training.tests.StarBucksTests"/>
  <testcase name="testStarBucksHomeDataProvider" time="0.082" classname="com.automation.training.tests.StarBucksTests"/>
  <testcase name="testStarBucksHomeDataProvider" time="0.076" classname="com.automation.training.tests.StarBucksTests"/>
  <testcase name="testStarBucksHomeDataProvider" time="0.156" classname="com.automation.training.tests.StarBucksTests"/>
  <testcase name="testStarBucksHomeDataProvider" time="0.104" classname="com.automation.training.tests.StarBucksTests"/>
</testsuite> <!-- com.automation.training.tests.StarBucksTests -->
