<?xml version="1.0" encoding="UTF-8"?>
<!-- Generated by org.testng.reporters.JUnitReportReporter -->
<testsuite hostname="MX-IT00121" name="TaeAutomation.AssuredTraining.RestAssuredTest2" tests="2" failures="0" timestamp="6 Apr 2018 01:15:06 GMT" time="2.440" errors="0">
  <testcase name="testParamsPosts" time="2.099" classname="TaeAutomation.AssuredTraining.RestAssuredTest2"/>
  <testcase name="testParamsPosts" time="0.341" classname="TaeAutomation.AssuredTraining.RestAssuredTest2"/>
</testsuite> <!-- TaeAutomation.AssuredTraining.RestAssuredTest2 -->
