<?xml version="1.0" encoding="UTF-8"?>
<!-- Generated by org.testng.reporters.JUnitReportReporter -->
<testsuite hostname="MX-IT00121" name="TaeAutomation.AssuredTraining.RestAssuredTest" tests="6" failures="0" timestamp="4 Apr 2018 22:49:25 GMT" time="3.042" errors="0">
  <testcase name="testPosts" time="0.222" classname="TaeAutomation.AssuredTraining.RestAssuredTest"/>
  <testcase name="testTodos" time="0.201" classname="TaeAutomation.AssuredTraining.RestAssuredTest"/>
  <testcase name="testComments" time="0.314" classname="TaeAutomation.AssuredTraining.RestAssuredTest"/>
  <testcase name="testPhotos" time="0.183" classname="TaeAutomation.AssuredTraining.RestAssuredTest"/>
  <testcase name="testUsers" time="0.164" classname="TaeAutomation.AssuredTraining.RestAssuredTest"/>
  <testcase name="testAlbums" time="1.958" classname="TaeAutomation.AssuredTraining.RestAssuredTest"/>
</testsuite> <!-- TaeAutomation.AssuredTraining.RestAssuredTest -->
