<?xml version="1.0" encoding="UTF-8"?>
<!-- Generated by org.testng.reporters.JUnitReportReporter -->
<testsuite hostname="MX-IT00121" name="TaeAutomation.AssuredTraining.RestAssuredTestParte2" tests="11" failures="0" timestamp="11 Apr 2018 19:59:39 GMT" time="6.174" errors="0">
  <testcase name="testJsonResponseValidationPosts" time="0.154" classname="TaeAutomation.AssuredTraining.RestAssuredTestParte2"/>
  <testcase name="testJsonResponseValidationPosts" time="0.144" classname="TaeAutomation.AssuredTraining.RestAssuredTestParte2"/>
  <testcase name="testJsonResponseCompare" time="0.089" classname="TaeAutomation.AssuredTraining.RestAssuredTestParte2"/>
  <testcase name="testParamsPosts" time="0.956" classname="TaeAutomation.AssuredTraining.RestAssuredTestParte2"/>
  <testcase name="testJsonResponseValidationPosts" time="0.711" classname="TaeAutomation.AssuredTraining.RestAssuredTestParte2"/>
  <testcase name="testJsonResponseValidationPosts" time="0.297" classname="TaeAutomation.AssuredTraining.RestAssuredTestParte2"/>
  <testcase name="testJsonResponseValidationPosts" time="0.736" classname="TaeAutomation.AssuredTraining.RestAssuredTestParte2"/>
  <testcase name="testJsonResponseCompare" time="0.063" classname="TaeAutomation.AssuredTraining.RestAssuredTestParte2"/>
  <testcase name="testJsonResponseValidationPosts" time="0.150" classname="TaeAutomation.AssuredTraining.RestAssuredTestParte2"/>
  <testcase name="testParamsPosts" time="0.670" classname="TaeAutomation.AssuredTraining.RestAssuredTestParte2"/>
  <testcase name="testJsonResponseCompare" time="2.204" classname="TaeAutomation.AssuredTraining.RestAssuredTestParte2"/>
</testsuite> <!-- TaeAutomation.AssuredTraining.RestAssuredTestParte2 -->
