<?xml version="1.0" encoding="UTF-8"?>
<!-- Generated by org.testng.reporters.JUnitReportReporter -->
<testsuite hostname="MX-IT00121" name="TaeAutomation.AssuredTraining.RestAssuredTestParte2" tests="2" failures="0" timestamp="12 Apr 2018 16:56:37 GMT" time="3.385" errors="0">
  <testcase name="testParamsPosts" time="0.682" classname="TaeAutomation.AssuredTraining.RestAssuredTestParte2"/>
  <testcase name="testParamsPosts" time="2.703" classname="TaeAutomation.AssuredTraining.RestAssuredTestParte2"/>
</testsuite> <!-- TaeAutomation.AssuredTraining.RestAssuredTestParte2 -->
