<?xml version="1.0" encoding="UTF-8"?>
<!-- Generated by org.testng.reporters.JUnitReportReporter -->
<testsuite hostname="MX-IT00121" name="TaeAutomation.AssuredTraining.EjerciciosAssured" tests="1" failures="0" timestamp="4 Apr 2018 14:39:09 GMT" time="1.952" errors="0">
  <testcase name="testPost1" time="1.952" classname="TaeAutomation.AssuredTraining.EjerciciosAssured"/>
</testsuite> <!-- TaeAutomation.AssuredTraining.EjerciciosAssured -->
